app/build/intermediates/manifest_merge_blame_file/debug/manifest-merger-blame-debug-report.txt
1<?xml version="1.0" encoding="utf-8"?>
2<manifest xmlns:android="http://schemas.android.com/apk/res/android"
3    package="org.me.gcu.British_GSurvey_EQuake"
4    android:versionCode="1"
5    android:versionName="1.0" >
6
7    <uses-sdk
8        android:minSdkVersion="23"
8-->src\main\AndroidManifest.xml
9        android:targetSdkVersion="30" />
9-->src\main\AndroidManifest.xml
10    <!--
11         The ACCESS_COARSE/FINE_LOCATION permissions are not required to use
12         Google Maps Android API v2, but you must specify either coarse or fine
13         location permissions for the "MyLocation" functionality.
14    -->
15    <uses-permission android:name="android.permission.ACCESS_COARSE_LOCATION" />
15-->src\main\AndroidManifest.xml:9:5-80
15-->src\main\AndroidManifest.xml:9:22-78
16    <uses-permission android:name="android.permission.ACCESS_FINE_LOCATION" />
16-->src\main\AndroidManifest.xml:10:5-79
16-->src\main\AndroidManifest.xml:10:22-76
17    <uses-permission android:name="android.permission.INTERNET" />
17-->src\main\AndroidManifest.xml:11:5-67
17-->src\main\AndroidManifest.xml:11:22-64
18
19    <!-- Include required permissions for Google Maps API to run. -->
20    <uses-permission android:name="android.permission.ACCESS_NETWORK_STATE" />
20-->[com.google.android.gms:play-services-maps:17.0.0] AndroidManifest.xml:23:5-79
20-->[com.google.android.gms:play-services-maps:17.0.0] AndroidManifest.xml:23:22-76
21
22    <uses-feature
22-->[com.google.android.gms:play-services-maps:17.0.0] AndroidManifest.xml:26:5-28:35
23        android:glEsVersion="0x00020000"
23-->[com.google.android.gms:play-services-maps:17.0.0] AndroidManifest.xml:27:9-41
24        android:required="true" />
24-->[com.google.android.gms:play-services-maps:17.0.0] AndroidManifest.xml:28:9-32
25
26    <application
26-->src\main\AndroidManifest.xml:13:5-49:19
27        android:allowBackup="true"
27-->src\main\AndroidManifest.xml:14:9-35
28        android:appComponentFactory="androidx.core.app.CoreComponentFactory"
28-->[androidx.core:core:1.3.1] AndroidManifest.xml:24:18-86
29        android:debuggable="true"
30        android:extractNativeLibs="false"
31        android:icon="@mipmap/ic_launcher"
31-->src\main\AndroidManifest.xml:15:9-43
32        android:label="British Earthquake Visualization"
32-->src\main\AndroidManifest.xml:16:9-57
33        android:roundIcon="@mipmap/ic_launcher_round"
33-->src\main\AndroidManifest.xml:17:9-54
34        android:supportsRtl="true"
34-->src\main\AndroidManifest.xml:18:9-35
35        android:testOnly="true"
36        android:theme="@style/Theme.MaterialComponents"
36-->src\main\AndroidManifest.xml:19:9-56
37        android:usesCleartextTraffic="true" >
37-->src\main\AndroidManifest.xml:20:9-44
38
39        <!-- <activity -->
40        <!-- android:name=".MainActivity2" -->
41        <!-- android:label="@string/title_activity_main2"></activity> -->
42        <!--
43             The API key for Google Maps-based APIs is defined as a string resource.
44             (See the file "res/values/google_maps_api.xml").
45             Note that the API key is linked to the encryption key used to sign the APK.
46             You need a different API key for each encryption key, including the release key that is used to
47             sign the APK for publishing.
48             You can define the keys for the debug and release targets in src/debug/ and src/release/.
49        -->
50        <meta-data
50-->src\main\AndroidManifest.xml:32:9-34:55
51            android:name="com.google.android.geo.API_KEY"
51-->src\main\AndroidManifest.xml:33:13-58
52            android:value="@string/google_maps_key" /> <!-- <activity -->
52-->src\main\AndroidManifest.xml:34:13-52
53        <!-- android:name=".MapsActivity" -->
54        <!-- android:label="@string/title_activity_maps"></activity> -->
55        <activity android:name="org.me.gcu.British_GSurvey_EQuake.MainActivity" >
55-->src\main\AndroidManifest.xml:37:9-43:20
55-->src\main\AndroidManifest.xml:37:19-47
56            <intent-filter>
56-->src\main\AndroidManifest.xml:38:13-42:29
57                <action android:name="android.intent.action.MAIN" />
57-->src\main\AndroidManifest.xml:39:17-69
57-->src\main\AndroidManifest.xml:39:25-66
58
59                <category android:name="android.intent.category.LAUNCHER" />
59-->src\main\AndroidManifest.xml:41:17-77
59-->src\main\AndroidManifest.xml:41:27-74
60            </intent-filter>
61        </activity>
62        <activity android:name="org.me.gcu.British_GSurvey_EQuake.model.DImage" >
62-->src\main\AndroidManifest.xml:44:9-48:20
62-->src\main\AndroidManifest.xml:44:19-47
63            <meta-data
63-->src\main\AndroidManifest.xml:45:13-47:82
64                android:name="android.support.PARENT_ACTIVITY"
64-->src\main\AndroidManifest.xml:46:17-63
65                android:value="org.me.gcu.British_GSurvey_EQuake.MainActivity" />
65-->src\main\AndroidManifest.xml:47:17-79
66        </activity>
67        <!-- Needs to be explicitly declared on P+ -->
68        <uses-library
68-->[com.google.android.gms:play-services-maps:17.0.0] AndroidManifest.xml:33:9-35:40
69            android:name="org.apache.http.legacy"
69-->[com.google.android.gms:play-services-maps:17.0.0] AndroidManifest.xml:34:13-50
70            android:required="false" />
70-->[com.google.android.gms:play-services-maps:17.0.0] AndroidManifest.xml:35:13-37
71
72        <meta-data
72-->[com.google.maps.android:android-maps-utils:2.2.0] AndroidManifest.xml:12:9-14:69
73            android:name="com.google.android.gms.version"
73-->[com.google.maps.android:android-maps-utils:2.2.0] AndroidManifest.xml:13:13-58
74            android:value="@integer/google_play_services_version" />
74-->[com.google.maps.android:android-maps-utils:2.2.0] AndroidManifest.xml:14:13-66
75
76        <provider
76-->[com.squareup.picasso:picasso:2.71828] AndroidManifest.xml:8:9-11:40
77            android:name="com.squareup.picasso.PicassoProvider"
77-->[com.squareup.picasso:picasso:2.71828] AndroidManifest.xml:9:13-64
78            android:authorities="org.me.gcu.British_GSurvey_EQuake.com.squareup.picasso"
78-->[com.squareup.picasso:picasso:2.71828] AndroidManifest.xml:10:13-72
79            android:exported="false" />
79-->[com.squareup.picasso:picasso:2.71828] AndroidManifest.xml:11:13-37
80
81        <activity
81-->[com.google.android.gms:play-services-base:17.0.0] AndroidManifest.xml:23:9-26:75
82            android:name="com.google.android.gms.common.api.GoogleApiActivity"
82-->[com.google.android.gms:play-services-base:17.0.0] AndroidManifest.xml:24:13-79
83            android:exported="false"
83-->[com.google.android.gms:play-services-base:17.0.0] AndroidManifest.xml:25:13-37
84            android:theme="@android:style/Theme.Translucent.NoTitleBar" />
84-->[com.google.android.gms:play-services-base:17.0.0] AndroidManifest.xml:26:13-72
85
86        <provider
86-->[androidx.lifecycle:lifecycle-process:2.2.0] AndroidManifest.xml:25:9-29:43
87            android:name="androidx.lifecycle.ProcessLifecycleOwnerInitializer"
87-->[androidx.lifecycle:lifecycle-process:2.2.0] AndroidManifest.xml:26:13-79
88            android:authorities="org.me.gcu.British_GSurvey_EQuake.lifecycle-process"
88-->[androidx.lifecycle:lifecycle-process:2.2.0] AndroidManifest.xml:27:13-69
89            android:exported="false"
89-->[androidx.lifecycle:lifecycle-process:2.2.0] AndroidManifest.xml:28:13-37
90            android:multiprocess="true" />
90-->[androidx.lifecycle:lifecycle-process:2.2.0] AndroidManifest.xml:29:13-40
91    </application>
92
93</manifest>